<?xml version="1.0" encoding="UTF-8"?>
<coverage generated="1643542929206" clover="3.2.0">
  <project timestamp="1643542929206" name="All files">
    <metrics statements="17" coveredstatements="17" conditionals="6" coveredconditionals="6" methods="2" coveredmethods="2" elements="25" coveredelements="25" complexity="0" loc="17" ncloc="17" packages="1" files="1" classes="1"/>
    <file name="main.js" path="/Users/katerynalen/Study/work time/js_testing(jest)/main.js">
      <metrics statements="17" coveredstatements="17" conditionals="6" coveredconditionals="6" methods="2" coveredmethods="2"/>
      <line num="4" count="6" type="cond" truecount="2" falsecount="0"/>
      <line num="5" count="4" type="stmt"/>
      <line num="7" count="2" type="stmt"/>
      <line num="8" count="2" type="stmt"/>
      <line num="15" count="6" type="stmt"/>
      <line num="17" count="6" type="stmt"/>
      <line num="18" count="598" type="stmt"/>
      <line num="19" count="598" type="cond" truecount="2" falsecount="0"/>
      <line num="20" count="30" type="stmt"/>
      <line num="22" count="6" type="cond" truecount="2" falsecount="0"/>
      <line num="23" count="4" type="stmt"/>
      <line num="24" count="4" type="stmt"/>
      <line num="26" count="2" type="stmt"/>
      <line num="27" count="2" type="stmt"/>
      <line num="32" count="1" type="stmt"/>
      <line num="33" count="1" type="stmt"/>
      <line num="35" count="1" type="stmt"/>
    </file>
  </project>
</coverage>
