{"/Users/katerynalen/Study/work time/js_testing(jest)/main.js": {"path":"/Users/katerynalen/Study/work time/js_testing(jest)/main.js","statementMap":{"0":{"start":{"line":4,"column":2},"end":{"line":9,"column":3}},"1":{"start":{"line":5,"column":4},"end":{"line":5,"column":49}},"2":{"start":{"line":7,"column":14},"end":{"line":7,"column":30}},"3":{"start":{"line":8,"column":4},"end":{"line":8,"column":14}},"4":{"start":{"line":15,"column":12},"end":{"line":15,"column":13}},"5":{"start":{"line":17,"column":2},"end":{"line":22,"column":3}},"6":{"start":{"line":17,"column":15},"end":{"line":17,"column":16}},"7":{"start":{"line":18,"column":4},"end":{"line":18,"column":23}},"8":{"start":{"line":19,"column":4},"end":{"line":21,"column":5}},"9":{"start":{"line":20,"column":6},"end":{"line":20,"column":14}},"10":{"start":{"line":22,"column":4},"end":{"line":28,"column":3}},"11":{"start":{"line":23,"column":17},"end":{"line":23,"column":34}},"12":{"start":{"line":24,"column":4},"end":{"line":24,"column":17}},"13":{"start":{"line":26,"column":14},"end":{"line":26,"column":34}},"14":{"start":{"line":27,"column":4},"end":{"line":27,"column":14}},"15":{"start":{"line":32,"column":0},"end":{"line":32,"column":30}},"16":{"start":{"line":33,"column":0},"end":{"line":33,"column":29}},"17":{"start":{"line":35,"column":0},"end":{"line":35,"column":47}}},"fnMap":{"0":{"name":"countNumber","decl":{"start":{"line":3,"column":9},"end":{"line":3,"column":20}},"loc":{"start":{"line":3,"column":29},"end":{"line":10,"column":1}},"line":3},"1":{"name":"perfectNumber","decl":{"start":{"line":14,"column":9},"end":{"line":14,"column":22}},"loc":{"start":{"line":14,"column":28},"end":{"line":30,"column":1}},"line":14}},"branchMap":{"0":{"loc":{"start":{"line":4,"column":2},"end":{"line":9,"column":3}},"type":"if","locations":[{"start":{"line":4,"column":2},"end":{"line":9,"column":3}},{"start":{"line":6,"column":9},"end":{"line":9,"column":3}}],"line":4},"1":{"loc":{"start":{"line":19,"column":4},"end":{"line":21,"column":5}},"type":"if","locations":[{"start":{"line":19,"column":4},"end":{"line":21,"column":5}},{"start":{},"end":{}}],"line":19},"2":{"loc":{"start":{"line":22,"column":4},"end":{"line":28,"column":3}},"type":"if","locations":[{"start":{"line":22,"column":4},"end":{"line":28,"column":3}},{"start":{"line":25,"column":9},"end":{"line":28,"column":3}}],"line":22}},"s":{"0":6,"1":4,"2":2,"3":2,"4":6,"5":6,"6":6,"7":598,"8":598,"9":30,"10":6,"11":4,"12":4,"13":2,"14":2,"15":1,"16":1,"17":1},"f":{"0":6,"1":6},"b":{"0":[4,2],"1":[30,568],"2":[4,2]},"_coverageSchema":"1a1c01bbd47fc00a2c39e90264f33305004495a9","hash":"fda66fd2fef59993156eb1aab97e4511f95f1dad"}
}
